app/build/intermediates/manifest_merge_blame_file/debug/manifest-merger-blame-debug-report.txt
1<?xml version="1.0" encoding="utf-8"?>
2<manifest xmlns:android="http://schemas.android.com/apk/res/android"
3    package="com.example.listdrakor"
4    android:versionCode="1"
5    android:versionName="1.0" >
6
7    <uses-sdk
8        android:minSdkVersion="16"
8-->src\main\AndroidManifest.xml
9        android:targetSdkVersion="30" />
9-->src\main\AndroidManifest.xml
10
11    <!-- Permission will be merged into the manifest of the hosting app. -->
12    <!-- Is required to launch foreground extraction service for targetSdkVersion 28+. -->
13    <uses-permission android:name="android.permission.FOREGROUND_SERVICE" />
13-->[com.google.android.play:core:1.7.2] AndroidManifest.xml:8:3-74
13-->[com.google.android.play:core:1.7.2] AndroidManifest.xml:8:20-72
14
15    <application
15-->src\main\AndroidManifest.xml:5:5-23:19
16        android:allowBackup="true"
16-->src\main\AndroidManifest.xml:6:9-35
17        android:appComponentFactory="androidx.core.app.CoreComponentFactory"
17-->[androidx.core:core:1.3.1] AndroidManifest.xml:24:18-86
18        android:debuggable="true"
19        android:icon="@mipmap/ic_launcher"
19-->src\main\AndroidManifest.xml:7:9-43
20        android:label="@string/app_name"
20-->src\main\AndroidManifest.xml:8:9-41
21        android:roundIcon="@mipmap/ic_launcher_round"
21-->src\main\AndroidManifest.xml:9:9-54
22        android:supportsRtl="true"
22-->src\main\AndroidManifest.xml:10:9-35
23        android:theme="@style/AppTheme" >
23-->src\main\AndroidManifest.xml:11:9-40
24        <activity android:name="com.example.listdrakor.ui.DramaDetailActivity" />
24-->src\main\AndroidManifest.xml:12:9-69
24-->src\main\AndroidManifest.xml:12:19-57
25        <activity android:name="com.example.listdrakor.ui.MainActivity" >
25-->src\main\AndroidManifest.xml:13:9-15:20
25-->src\main\AndroidManifest.xml:13:19-50
26        </activity>
27        <activity android:name="com.example.listdrakor.ui.SplashScreenActivity" >
27-->src\main\AndroidManifest.xml:16:9-22:20
27-->src\main\AndroidManifest.xml:16:19-58
28            <intent-filter>
28-->src\main\AndroidManifest.xml:17:13-21:29
29                <action android:name="android.intent.action.MAIN" />
29-->src\main\AndroidManifest.xml:18:17-69
29-->src\main\AndroidManifest.xml:18:25-66
30
31                <category android:name="android.intent.category.LAUNCHER" />
31-->src\main\AndroidManifest.xml:20:17-77
31-->src\main\AndroidManifest.xml:20:27-74
32            </intent-filter>
33        </activity>
34        <!-- The activities will be merged into the manifest of the hosting app. -->
35        <activity
35-->[com.google.android.play:core:1.7.2] AndroidManifest.xml:12:5-271
36            android:name="com.google.android.play.core.missingsplits.PlayCoreMissingSplitsActivity"
36-->[com.google.android.play:core:1.7.2] AndroidManifest.xml:12:15-102
37            android:enabled="false"
37-->[com.google.android.play:core:1.7.2] AndroidManifest.xml:12:103-126
38            android:exported="false"
38-->[com.google.android.play:core:1.7.2] AndroidManifest.xml:12:127-151
39            android:launchMode="singleInstance"
39-->[com.google.android.play:core:1.7.2] AndroidManifest.xml:12:204-239
40            android:process=":playcore_missing_splits_activity"
40-->[com.google.android.play:core:1.7.2] AndroidManifest.xml:12:152-203
41            android:stateNotNeeded="true" />
41-->[com.google.android.play:core:1.7.2] AndroidManifest.xml:12:240-269
42        <activity
42-->[com.google.android.play:core:1.7.2] AndroidManifest.xml:13:5-226
43            android:name="com.google.android.play.core.common.PlayCoreDialogWrapperActivity"
43-->[com.google.android.play:core:1.7.2] AndroidManifest.xml:13:15-95
44            android:enabled="false"
44-->[com.google.android.play:core:1.7.2] AndroidManifest.xml:13:96-119
45            android:exported="false"
45-->[com.google.android.play:core:1.7.2] AndroidManifest.xml:13:120-144
46            android:stateNotNeeded="true"
46-->[com.google.android.play:core:1.7.2] AndroidManifest.xml:13:145-174
47            android:theme="@style/Theme.PlayCore.Transparent" /> <!-- The service will be merged into the manifest of the hosting app. -->
47-->[com.google.android.play:core:1.7.2] AndroidManifest.xml:13:175-224
48        <service
48-->[com.google.android.play:core:1.7.2] AndroidManifest.xml:16:5-145
49            android:name="com.google.android.play.core.assetpacks.AssetPackExtractionService"
49-->[com.google.android.play:core:1.7.2] AndroidManifest.xml:16:14-95
50            android:enabled="false"
50-->[com.google.android.play:core:1.7.2] AndroidManifest.xml:16:96-119
51            android:exported="true" />
51-->[com.google.android.play:core:1.7.2] AndroidManifest.xml:16:120-143
52    </application>
53
54</manifest>